C:\USERS\DANIEL\DOCUMENTS\GITHUB\RPGSHOP\DEBUG\RPGSHOP.EXE
C:\USERS\DANIEL\DOCUMENTS\GITHUB\RPGSHOP\DEBUG\RPGSHOP.ILK
C:\USERS\DANIEL\DOCUMENTS\GITHUB\RPGSHOP\DEBUG\RPGSHOP.PDB
C:\USERS\DANIEL\DOCUMENTS\GITHUB\RPGSHOP\RPGSHOP\DEBUG\ASSETS.OBJ
C:\Users\daniel\Documents\GitHub\RPGShop\RPGShop\Debug\cl.command.1.tlog
C:\Users\daniel\Documents\GitHub\RPGShop\RPGShop\Debug\CL.read.1.tlog
C:\Users\daniel\Documents\GitHub\RPGShop\RPGShop\Debug\CL.write.1.tlog
C:\USERS\DANIEL\DOCUMENTS\GITHUB\RPGSHOP\RPGSHOP\DEBUG\DRIVER.OBJ
C:\Users\daniel\Documents\GitHub\RPGShop\RPGShop\Debug\link.command.1.tlog
C:\Users\daniel\Documents\GitHub\RPGShop\RPGShop\Debug\link.read.1.tlog
C:\Users\daniel\Documents\GitHub\RPGShop\RPGShop\Debug\link.write.1.tlog
C:\USERS\DANIEL\DOCUMENTS\GITHUB\RPGSHOP\RPGSHOP\DEBUG\MENU.OBJ
C:\Users\daniel\Documents\GitHub\RPGShop\RPGShop\Debug\mt.command.1.tlog
C:\Users\daniel\Documents\GitHub\RPGShop\RPGShop\Debug\mt.read.1.tlog
C:\Users\daniel\Documents\GitHub\RPGShop\RPGShop\Debug\mt.write.1.tlog
C:\USERS\DANIEL\DOCUMENTS\GITHUB\RPGSHOP\RPGSHOP\DEBUG\PACK.OBJ
C:\USERS\DANIEL\DOCUMENTS\GITHUB\RPGSHOP\RPGSHOP\DEBUG\PARTY.OBJ
C:\USERS\DANIEL\DOCUMENTS\GITHUB\RPGSHOP\RPGSHOP\DEBUG\RPGSHOP.EXE.INTERMEDIATE.MANIFEST
C:\USERS\DANIEL\DOCUMENTS\GITHUB\RPGSHOP\RPGSHOP\DEBUG\SHOP.OBJ
C:\USERS\DANIEL\DOCUMENTS\GITHUB\RPGSHOP\RPGSHOP\DEBUG\UTILIITY.OBJ
C:\Users\daniel\Documents\GitHub\RPGShop\RPGShop\Debug\vc100.idb
C:\USERS\DANIEL\DOCUMENTS\GITHUB\RPGSHOP\RPGSHOP\DEBUG\VC100.PDB
