Build started 4/30/2013 12:54:05 PM.
     1>Project "C:\Users\daniel\Documents\GitHub\RPGShop\RPGShop\RPGShop.vcxproj" on node 2 (build target(s)).
     1>InitializeBuildStatus:
         Creating "Debug\RPGShop.unsuccessfulbuild" because "AlwaysCreate" was specified.
       ClCompile:
         C:\Program Files (x86)\Microsoft Visual Studio 10.0\VC\bin\CL.exe /c /ZI /nologo /W3 /WX- /Od /Oy- /D _MBCS /Gm /EHsc /RTC1 /MDd /GS /fp:precise /Zc:wchar_t /Zc:forScope /Fo"Debug\\" /Fd"Debug\vc100.pdb" /Gd /TP /analyze- /errorReport:prompt Shop.cpp
         Shop.cpp
     1>c:\users\daniel\documents\github\rpgshop\rpgshop\shop.cpp(64): warning C4715: 'Shop::buy' : not all control paths return a value
       Link:
         C:\Program Files (x86)\Microsoft Visual Studio 10.0\VC\bin\link.exe /ERRORREPORT:PROMPT /OUT:"C:\Users\daniel\Documents\GitHub\RPGShop\Debug\RPGShop.exe" /NOLOGO kernel32.lib user32.lib gdi32.lib winspool.lib comdlg32.lib advapi32.lib shell32.lib ole32.lib oleaut32.lib uuid.lib odbc32.lib odbccp32.lib /MANIFEST /ManifestFile:"Debug\RPGShop.exe.intermediate.manifest" /MANIFESTUAC:"level='asInvoker' uiAccess='false'" /DEBUG /PDB:"C:\Users\daniel\Documents\GitHub\RPGShop\Debug\RPGShop.pdb" /TLBID:1 /DYNAMICBASE /NXCOMPAT /IMPLIB:"C:\Users\daniel\Documents\GitHub\RPGShop\Debug\RPGShop.lib" /MACHINE:X86 Debug\Assets.obj
         Debug\Driver.obj
         Debug\Menu.obj
         Debug\Backpack.obj
         Debug\Party.obj
         Debug\Shop.obj
         Debug\Utiliity.obj
         LINK : C:\Users\daniel\Documents\GitHub\RPGShop\Debug\RPGShop.exe not found or not built by the last incremental link; performing full link
         RPGShop.vcxproj -> C:\Users\daniel\Documents\GitHub\RPGShop\Debug\RPGShop.exe
       Manifest:
         C:\Program Files (x86)\Microsoft SDKs\Windows\v7.0A\bin\mt.exe /nologo /verbose /outputresource:"C:\Users\daniel\Documents\GitHub\RPGShop\Debug\RPGShop.exe;#1" /manifest Debug\RPGShop.exe.intermediate.manifest
       FinalizeBuildStatus:
         Deleting file "Debug\RPGShop.unsuccessfulbuild".
         Touching "Debug\RPGShop.lastbuildstate".
     1>Done Building Project "C:\Users\daniel\Documents\GitHub\RPGShop\RPGShop\RPGShop.vcxproj" (build target(s)).

Build succeeded.

Time Elapsed 00:00:01.18
